<?xml version="1.0" encoding="UTF-8"?>
<!-- Generated by org.testng.reporters.JUnitXMLReporter -->
<testsuite ignored="0" hostname="MININT-6SH45PE" failures="0" tests="3" name="Surefire test" time="0.782" errors="0" timestamp="2023-12-02T22:06:58 PKT">
  <testcase classname="com.parallel.universe.base.BaseClass" name="@BeforeMethod parameterizedTest" time="-1.701536818022E9">
    <failure type="org.testng.TestNGException" message="
Parameter &amp;apos;browser&amp;apos; is required by BeforeMethod on method parameterizedTest but has not been marked @Optional or defined
">
      <![CDATA[org.testng.TestNGException: 
Parameter 'browser' is required by BeforeMethod on method parameterizedTest but has not been marked @Optional or defined

at java.base/java.util.ArrayList.forEach(ArrayList.java:1511)
... Removed 33 stack frames]]>
    </failure>
  </testcase> <!-- @BeforeMethod parameterizedTest -->
  <testcase classname="com.parallel.universe.base.BaseClass" name="@AfterMethod getResult" time="0.0">
    <skipped/>
  </testcase> <!-- @AfterMethod getResult -->
  <testcase classname="com.parallel.universe.base.BaseClass" name="@BeforeMethod parameterizedTest" time="0.0">
    <skipped/>
  </testcase> <!-- @BeforeMethod parameterizedTest -->
  <testcase classname="com.parallel.universe.base.BaseClass" name="@AfterMethod getResult" time="0.0">
    <skipped/>
  </testcase> <!-- @AfterMethod getResult -->
  <testcase classname="com.parallel.universe.base.BaseClass" name="@BeforeMethod parameterizedTest" time="0.0">
    <skipped/>
  </testcase> <!-- @BeforeMethod parameterizedTest -->
  <testcase classname="com.parallel.universe.base.BaseClass" name="@AfterMethod getResult" time="0.0">
    <skipped/>
  </testcase> <!-- @AfterMethod getResult -->
  <testcase classname="com.parallel.universe.tests.SauceDemoWebTest" name="loginTest" time="0.0">
    <skipped/>
  </testcase> <!-- loginTest -->
  <testcase classname="com.parallel.universe.tests.SauceDemoWebTest" name="loginTestFailed" time="0.0">
    <skipped/>
  </testcase> <!-- loginTestFailed -->
  <testcase classname="com.parallel.universe.tests.SauceDemoWebTest" name="productSelect" time="0.0">
    <skipped/>
  </testcase> <!-- productSelect -->
</testsuite> <!-- Surefire test -->
